This is pdfTeX, Version 3.141592653-2.6-1.40.26 (TeX Live 2024/Homebrew) (preloaded format=pdflatex 2024.10.6)  16 OCT 2024 12:00
entering extended mode
 restricted \write18 enabled.
 file:line:error style messages enabled.
 %&-line parsing enabled.
**/Users/jon/src/my-resumes/Jon-Sundin-latex-resume/jon-sundin-cv.tex
(/Users/jon/src/my-resumes/Jon-Sundin-latex-resume/jon-sundin-cv.tex
LaTeX2e <2023-11-01> patch level 1
L3 programming layer <2024-02-20>
(./jon-sundin-cv.cls (/opt/homebrew/Cellar/texlive/20240312_2/share/texmf-dist/tex/latex/xcolor/xcolor.sty
Package: xcolor 2023/11/15 v3.01 LaTeX color extensions (UK)
 (/opt/homebrew/Cellar/texlive/20240312_2/share/texmf-dist/tex/latex/graphics-cfg/color.cfg
File: color.cfg 2016/01/02 v1.6 sample color configuration
)
Package xcolor Info: Driver file: pdftex.def on input line 274.
 (/opt/homebrew/Cellar/texlive/20240312_2/share/texmf-dist/tex/latex/graphics-def/pdftex.def
File: pdftex.def 2022/09/22 v1.2b Graphics/color driver for pdftex
) (/opt/homebrew/Cellar/texlive/20240312_2/share/texmf-dist/tex/latex/graphics/mathcolor.ltx)
Package xcolor Info: Model `cmy' substituted by `cmy0' on input line 1350.
Package xcolor Info: Model `hsb' substituted by `rgb' on input line 1354.
Package xcolor Info: Model `RGB' extended on input line 1366.
Package xcolor Info: Model `HTML' substituted by `rgb' on input line 1368.
Package xcolor Info: Model `Hsb' substituted by `hsb' on input line 1369.
Package xcolor Info: Model `tHsb' substituted by `hsb' on input line 1370.
Package xcolor Info: Model `HSB' substituted by `hsb' on input line 1371.
Package xcolor Info: Model `Gray' substituted by `gray' on input line 1372.
Package xcolor Info: Model `wave' substituted by `hsb' on input line 1373.
) (/opt/homebrew/Cellar/texlive/20240312_2/share/texmf-dist/tex/latex/graphics/dvipsnam.def
File: dvipsnam.def 2016/06/17 v3.0m Driver-dependent file (DPC,SPQR)
) (/opt/homebrew/Cellar/texlive/20240312_2/share/texmf-dist/tex/latex/base/article.cls
Document Class: article 2023/05/17 v1.4n Standard LaTeX document class
(/opt/homebrew/Cellar/texlive/20240312_2/share/texmf-dist/tex/latex/base/size11.clo
File: size11.clo 2023/05/17 v1.4n Standard LaTeX file (size option)
)
\c@part=\count188
\c@section=\count189
\c@subsection=\count190
\c@subsubsection=\count191
\c@paragraph=\count192
\c@subparagraph=\count193
\c@figure=\count194
\c@table=\count195
\abovecaptionskip=\skip48
\belowcaptionskip=\skip49
\bibindent=\dimen140
)
Document Class: jon-sundin-cv 2024/10/04 Jon Sundin CV Class
(/opt/homebrew/Cellar/texlive/20240312_2/share/texmf-dist/tex/latex/lm/lmodern.sty
Package: lmodern 2015/05/01 v1.6.1 Latin Modern Fonts
LaTeX Font Info:    Overwriting symbol font `operators' in version `normal'
(Font)                  OT1/cmr/m/n --> OT1/lmr/m/n on input line 22.
LaTeX Font Info:    Overwriting symbol font `letters' in version `normal'
(Font)                  OML/cmm/m/it --> OML/lmm/m/it on input line 23.
LaTeX Font Info:    Overwriting symbol font `symbols' in version `normal'
(Font)                  OMS/cmsy/m/n --> OMS/lmsy/m/n on input line 24.
LaTeX Font Info:    Overwriting symbol font `largesymbols' in version `normal'
(Font)                  OMX/cmex/m/n --> OMX/lmex/m/n on input line 25.
LaTeX Font Info:    Overwriting symbol font `operators' in version `bold'
(Font)                  OT1/cmr/bx/n --> OT1/lmr/bx/n on input line 26.
LaTeX Font Info:    Overwriting symbol font `letters' in version `bold'
(Font)                  OML/cmm/b/it --> OML/lmm/b/it on input line 27.
LaTeX Font Info:    Overwriting symbol font `symbols' in version `bold'
(Font)                  OMS/cmsy/b/n --> OMS/lmsy/b/n on input line 28.
LaTeX Font Info:    Overwriting symbol font `largesymbols' in version `bold'
(Font)                  OMX/cmex/m/n --> OMX/lmex/m/n on input line 29.
LaTeX Font Info:    Overwriting math alphabet `\mathbf' in version `normal'
(Font)                  OT1/cmr/bx/n --> OT1/lmr/bx/n on input line 31.
LaTeX Font Info:    Overwriting math alphabet `\mathsf' in version `normal'
(Font)                  OT1/cmss/m/n --> OT1/lmss/m/n on input line 32.
LaTeX Font Info:    Overwriting math alphabet `\mathit' in version `normal'
(Font)                  OT1/cmr/m/it --> OT1/lmr/m/it on input line 33.
LaTeX Font Info:    Overwriting math alphabet `\mathtt' in version `normal'
(Font)                  OT1/cmtt/m/n --> OT1/lmtt/m/n on input line 34.
LaTeX Font Info:    Overwriting math alphabet `\mathbf' in version `bold'
(Font)                  OT1/cmr/bx/n --> OT1/lmr/bx/n on input line 35.
LaTeX Font Info:    Overwriting math alphabet `\mathsf' in version `bold'
(Font)                  OT1/cmss/bx/n --> OT1/lmss/bx/n on input line 36.
LaTeX Font Info:    Overwriting math alphabet `\mathit' in version `bold'
(Font)                  OT1/cmr/bx/it --> OT1/lmr/bx/it on input line 37.
LaTeX Font Info:    Overwriting math alphabet `\mathtt' in version `bold'
(Font)                  OT1/cmtt/m/n --> OT1/lmtt/m/n on input line 38.
) (/opt/homebrew/Cellar/texlive/20240312_2/share/texmf-dist/tex/latex/etoolbox/etoolbox.sty
Package: etoolbox 2020/10/05 v2.5k e-TeX tools for LaTeX (JAW)
\etb@tempcnta=\count196
) (/opt/homebrew/Cellar/texlive/20240312_2/share/texmf-dist/tex/latex/pgf/utilities/pgffor.sty (/opt/homebrew/Cellar/texlive/20240312_2/share/texmf-dist/tex/latex/pgf/utilities/pgfrcs.sty (/opt/homebrew/Cellar/texlive/20240312_2/share/texmf-dist/tex/generic/pgf/utilities/pgfutil-common.tex
\pgfutil@everybye=\toks17
\pgfutil@tempdima=\dimen141
\pgfutil@tempdimb=\dimen142
) (/opt/homebrew/Cellar/texlive/20240312_2/share/texmf-dist/tex/generic/pgf/utilities/pgfutil-latex.def
\pgfutil@abb=\box51
) (/opt/homebrew/Cellar/texlive/20240312_2/share/texmf-dist/tex/generic/pgf/utilities/pgfrcs.code.tex (/opt/homebrew/Cellar/texlive/20240312_2/share/texmf-dist/tex/generic/pgf/pgf.revision.tex)
Package: pgfrcs 2023-01-15 v3.1.10 (3.1.10)
)) (/opt/homebrew/Cellar/texlive/20240312_2/share/texmf-dist/tex/latex/pgf/utilities/pgfkeys.sty (/opt/homebrew/Cellar/texlive/20240312_2/share/texmf-dist/tex/generic/pgf/utilities/pgfkeys.code.tex
\pgfkeys@pathtoks=\toks18
\pgfkeys@temptoks=\toks19
 (/opt/homebrew/Cellar/texlive/20240312_2/share/texmf-dist/tex/generic/pgf/utilities/pgfkeyslibraryfiltered.code.tex
\pgfkeys@tmptoks=\toks20
))) (/opt/homebrew/Cellar/texlive/20240312_2/share/texmf-dist/tex/latex/pgf/math/pgfmath.sty (/opt/homebrew/Cellar/texlive/20240312_2/share/texmf-dist/tex/generic/pgf/math/pgfmath.code.tex (/opt/homebrew/Cellar/texlive/20240312_2/share/texmf-dist/tex/generic/pgf/math/pgfmathutil.code.tex
\pgf@x=\dimen143
\pgf@xa=\dimen144
\pgf@xb=\dimen145
\pgf@xc=\dimen146
\pgf@y=\dimen147
\pgf@ya=\dimen148
\pgf@yb=\dimen149
\pgf@yc=\dimen150
\c@pgf@counta=\count197
\c@pgf@countb=\count198
\c@pgf@countc=\count199
\c@pgf@countd=\count266
) (/opt/homebrew/Cellar/texlive/20240312_2/share/texmf-dist/tex/generic/pgf/math/pgfmathparser.code.tex
\pgfmath@dimen=\dimen151
\pgfmath@count=\count267
\pgfmath@box=\box52
\pgfmath@toks=\toks21
\pgfmath@stack@operand=\toks22
\pgfmath@stack@operation=\toks23
) (/opt/homebrew/Cellar/texlive/20240312_2/share/texmf-dist/tex/generic/pgf/math/pgfmathfunctions.code.tex) (/opt/homebrew/Cellar/texlive/20240312_2/share/texmf-dist/tex/generic/pgf/math/pgfmathfunctions.basic.code.tex) (/opt/homebrew/Cellar/texlive/20240312_2/share/texmf-dist/tex/generic/pgf/math/pgfmathfunctions.trigonometric.code.tex) (/opt/homebrew/Cellar/texlive/20240312_2/share/texmf-dist/tex/generic/pgf/math/pgfmathfunctions.random.code.tex) (/opt/homebrew/Cellar/texlive/20240312_2/share/texmf-dist/tex/generic/pgf/math/pgfmathfunctions.comparison.code.tex) (/opt/homebrew/Cellar/texlive/20240312_2/share/texmf-dist/tex/generic/pgf/math/pgfmathfunctions.base.code.tex) (/opt/homebrew/Cellar/texlive/20240312_2/share/texmf-dist/tex/generic/pgf/math/pgfmathfunctions.round.code.tex) (/opt/homebrew/Cellar/texlive/20240312_2/share/texmf-dist/tex/generic/pgf/math/pgfmathfunctions.misc.code.tex) (/opt/homebrew/Cellar/texlive/20240312_2/share/texmf-dist/tex/generic/pgf/math/pgfmathfunctions.integerarithmetics.code.tex) (/opt/homebrew/Cellar/texlive/20240312_2/share/texmf-dist/tex/generic/pgf/math/pgfmathcalc.code.tex) (/opt/homebrew/Cellar/texlive/20240312_2/share/texmf-dist/tex/generic/pgf/math/pgfmathfloat.code.tex
\c@pgfmathroundto@lastzeros=\count268
))) (/opt/homebrew/Cellar/texlive/20240312_2/share/texmf-dist/tex/generic/pgf/utilities/pgffor.code.tex
Package: pgffor 2023-01-15 v3.1.10 (3.1.10)
\pgffor@iter=\dimen152
\pgffor@skip=\dimen153
\pgffor@stack=\toks24
\pgffor@toks=\toks25
)) (/opt/homebrew/Cellar/texlive/20240312_2/share/texmf-dist/tex/latex/titlesec/titlesec.sty
Package: titlesec 2023/10/27 v2.16 Sectioning titles
\ttl@box=\box53
\beforetitleunit=\skip50
\aftertitleunit=\skip51
\ttl@plus=\dimen154
\ttl@minus=\dimen155
\ttl@toksa=\toks26
\titlewidth=\dimen156
\titlewidthlast=\dimen157
\titlewidthfirst=\dimen158
) (/opt/homebrew/Cellar/texlive/20240312_2/share/texmf-dist/tex/latex/pgf/frontendlayer/tikz.sty (/opt/homebrew/Cellar/texlive/20240312_2/share/texmf-dist/tex/latex/pgf/basiclayer/pgf.sty
Package: pgf 2023-01-15 v3.1.10 (3.1.10)
 (/opt/homebrew/Cellar/texlive/20240312_2/share/texmf-dist/tex/latex/pgf/basiclayer/pgfcore.sty (/opt/homebrew/Cellar/texlive/20240312_2/share/texmf-dist/tex/latex/graphics/graphicx.sty
Package: graphicx 2021/09/16 v1.2d Enhanced LaTeX Graphics (DPC,SPQR)
 (/opt/homebrew/Cellar/texlive/20240312_2/share/texmf-dist/tex/latex/graphics/keyval.sty
Package: keyval 2022/05/29 v1.15 key=value parser (DPC)
\KV@toks@=\toks27
) (/opt/homebrew/Cellar/texlive/20240312_2/share/texmf-dist/tex/latex/graphics/graphics.sty
Package: graphics 2022/03/10 v1.4e Standard LaTeX Graphics (DPC,SPQR)
 (/opt/homebrew/Cellar/texlive/20240312_2/share/texmf-dist/tex/latex/graphics/trig.sty
Package: trig 2021/08/11 v1.11 sin cos tan (DPC)
) (/opt/homebrew/Cellar/texlive/20240312_2/share/texmf-dist/tex/latex/graphics-cfg/graphics.cfg
File: graphics.cfg 2016/06/04 v1.11 sample graphics configuration
)
Package graphics Info: Driver file: pdftex.def on input line 107.
)
\Gin@req@height=\dimen159
\Gin@req@width=\dimen160
) (/opt/homebrew/Cellar/texlive/20240312_2/share/texmf-dist/tex/latex/pgf/systemlayer/pgfsys.sty (/opt/homebrew/Cellar/texlive/20240312_2/share/texmf-dist/tex/generic/pgf/systemlayer/pgfsys.code.tex
Package: pgfsys 2023-01-15 v3.1.10 (3.1.10)
\pgf@x=\dimen161
\pgf@y=\dimen162
\pgf@xa=\dimen163
\pgf@ya=\dimen164
\pgf@xb=\dimen165
\pgf@yb=\dimen166
\pgf@xc=\dimen167
\pgf@yc=\dimen168
\pgf@xd=\dimen169
\pgf@yd=\dimen170
\w@pgf@writea=\write3
\r@pgf@reada=\read2
\c@pgf@counta=\count269
\c@pgf@countb=\count270
\c@pgf@countc=\count271
\c@pgf@countd=\count272
\t@pgf@toka=\toks28
\t@pgf@tokb=\toks29
\t@pgf@tokc=\toks30
\pgf@sys@id@count=\count273
 (/opt/homebrew/Cellar/texlive/20240312_2/share/texmf-dist/tex/generic/pgf/systemlayer/pgf.cfg
File: pgf.cfg 2023-01-15 v3.1.10 (3.1.10)
)
Driver file for pgf: pgfsys-pdftex.def
 (/opt/homebrew/Cellar/texlive/20240312_2/share/texmf-dist/tex/generic/pgf/systemlayer/pgfsys-pdftex.def
File: pgfsys-pdftex.def 2023-01-15 v3.1.10 (3.1.10)
 (/opt/homebrew/Cellar/texlive/20240312_2/share/texmf-dist/tex/generic/pgf/systemlayer/pgfsys-common-pdf.def
File: pgfsys-common-pdf.def 2023-01-15 v3.1.10 (3.1.10)
))) (/opt/homebrew/Cellar/texlive/20240312_2/share/texmf-dist/tex/generic/pgf/systemlayer/pgfsyssoftpath.code.tex
File: pgfsyssoftpath.code.tex 2023-01-15 v3.1.10 (3.1.10)
\pgfsyssoftpath@smallbuffer@items=\count274
\pgfsyssoftpath@bigbuffer@items=\count275
) (/opt/homebrew/Cellar/texlive/20240312_2/share/texmf-dist/tex/generic/pgf/systemlayer/pgfsysprotocol.code.tex
File: pgfsysprotocol.code.tex 2023-01-15 v3.1.10 (3.1.10)
)) (/opt/homebrew/Cellar/texlive/20240312_2/share/texmf-dist/tex/generic/pgf/basiclayer/pgfcore.code.tex
Package: pgfcore 2023-01-15 v3.1.10 (3.1.10)
 (/opt/homebrew/Cellar/texlive/20240312_2/share/texmf-dist/tex/generic/pgf/math/pgfint.code.tex) (/opt/homebrew/Cellar/texlive/20240312_2/share/texmf-dist/tex/generic/pgf/basiclayer/pgfcorepoints.code.tex
File: pgfcorepoints.code.tex 2023-01-15 v3.1.10 (3.1.10)
\pgf@picminx=\dimen171
\pgf@picmaxx=\dimen172
\pgf@picminy=\dimen173
\pgf@picmaxy=\dimen174
\pgf@pathminx=\dimen175
\pgf@pathmaxx=\dimen176
\pgf@pathminy=\dimen177
\pgf@pathmaxy=\dimen178
\pgf@xx=\dimen179
\pgf@xy=\dimen180
\pgf@yx=\dimen181
\pgf@yy=\dimen182
\pgf@zx=\dimen183
\pgf@zy=\dimen184
) (/opt/homebrew/Cellar/texlive/20240312_2/share/texmf-dist/tex/generic/pgf/basiclayer/pgfcorepathconstruct.code.tex
File: pgfcorepathconstruct.code.tex 2023-01-15 v3.1.10 (3.1.10)
\pgf@path@lastx=\dimen185
\pgf@path@lasty=\dimen186
) (/opt/homebrew/Cellar/texlive/20240312_2/share/texmf-dist/tex/generic/pgf/basiclayer/pgfcorepathusage.code.tex
File: pgfcorepathusage.code.tex 2023-01-15 v3.1.10 (3.1.10)
\pgf@shorten@end@additional=\dimen187
\pgf@shorten@start@additional=\dimen188
) (/opt/homebrew/Cellar/texlive/20240312_2/share/texmf-dist/tex/generic/pgf/basiclayer/pgfcorescopes.code.tex
File: pgfcorescopes.code.tex 2023-01-15 v3.1.10 (3.1.10)
\pgfpic=\box54
\pgf@hbox=\box55
\pgf@layerbox@main=\box56
\pgf@picture@serial@count=\count276
) (/opt/homebrew/Cellar/texlive/20240312_2/share/texmf-dist/tex/generic/pgf/basiclayer/pgfcoregraphicstate.code.tex
File: pgfcoregraphicstate.code.tex 2023-01-15 v3.1.10 (3.1.10)
\pgflinewidth=\dimen189
) (/opt/homebrew/Cellar/texlive/20240312_2/share/texmf-dist/tex/generic/pgf/basiclayer/pgfcoretransformations.code.tex
File: pgfcoretransformations.code.tex 2023-01-15 v3.1.10 (3.1.10)
\pgf@pt@x=\dimen190
\pgf@pt@y=\dimen191
\pgf@pt@temp=\dimen192
) (/opt/homebrew/Cellar/texlive/20240312_2/share/texmf-dist/tex/generic/pgf/basiclayer/pgfcorequick.code.tex
File: pgfcorequick.code.tex 2023-01-15 v3.1.10 (3.1.10)
) (/opt/homebrew/Cellar/texlive/20240312_2/share/texmf-dist/tex/generic/pgf/basiclayer/pgfcoreobjects.code.tex
File: pgfcoreobjects.code.tex 2023-01-15 v3.1.10 (3.1.10)
) (/opt/homebrew/Cellar/texlive/20240312_2/share/texmf-dist/tex/generic/pgf/basiclayer/pgfcorepathprocessing.code.tex
File: pgfcorepathprocessing.code.tex 2023-01-15 v3.1.10 (3.1.10)
) (/opt/homebrew/Cellar/texlive/20240312_2/share/texmf-dist/tex/generic/pgf/basiclayer/pgfcorearrows.code.tex
File: pgfcorearrows.code.tex 2023-01-15 v3.1.10 (3.1.10)
\pgfarrowsep=\dimen193
) (/opt/homebrew/Cellar/texlive/20240312_2/share/texmf-dist/tex/generic/pgf/basiclayer/pgfcoreshade.code.tex
File: pgfcoreshade.code.tex 2023-01-15 v3.1.10 (3.1.10)
\pgf@max=\dimen194
\pgf@sys@shading@range@num=\count277
\pgf@shadingcount=\count278
) (/opt/homebrew/Cellar/texlive/20240312_2/share/texmf-dist/tex/generic/pgf/basiclayer/pgfcoreimage.code.tex
File: pgfcoreimage.code.tex 2023-01-15 v3.1.10 (3.1.10)
) (/opt/homebrew/Cellar/texlive/20240312_2/share/texmf-dist/tex/generic/pgf/basiclayer/pgfcoreexternal.code.tex
File: pgfcoreexternal.code.tex 2023-01-15 v3.1.10 (3.1.10)
\pgfexternal@startupbox=\box57
) (/opt/homebrew/Cellar/texlive/20240312_2/share/texmf-dist/tex/generic/pgf/basiclayer/pgfcorelayers.code.tex
File: pgfcorelayers.code.tex 2023-01-15 v3.1.10 (3.1.10)
) (/opt/homebrew/Cellar/texlive/20240312_2/share/texmf-dist/tex/generic/pgf/basiclayer/pgfcoretransparency.code.tex
File: pgfcoretransparency.code.tex 2023-01-15 v3.1.10 (3.1.10)
) (/opt/homebrew/Cellar/texlive/20240312_2/share/texmf-dist/tex/generic/pgf/basiclayer/pgfcorepatterns.code.tex
File: pgfcorepatterns.code.tex 2023-01-15 v3.1.10 (3.1.10)
) (/opt/homebrew/Cellar/texlive/20240312_2/share/texmf-dist/tex/generic/pgf/basiclayer/pgfcorerdf.code.tex
File: pgfcorerdf.code.tex 2023-01-15 v3.1.10 (3.1.10)
))) (/opt/homebrew/Cellar/texlive/20240312_2/share/texmf-dist/tex/generic/pgf/modules/pgfmoduleshapes.code.tex
File: pgfmoduleshapes.code.tex 2023-01-15 v3.1.10 (3.1.10)
\pgfnodeparttextbox=\box58
) (/opt/homebrew/Cellar/texlive/20240312_2/share/texmf-dist/tex/generic/pgf/modules/pgfmoduleplot.code.tex
File: pgfmoduleplot.code.tex 2023-01-15 v3.1.10 (3.1.10)
) (/opt/homebrew/Cellar/texlive/20240312_2/share/texmf-dist/tex/latex/pgf/compatibility/pgfcomp-version-0-65.sty
Package: pgfcomp-version-0-65 2023-01-15 v3.1.10 (3.1.10)
\pgf@nodesepstart=\dimen195
\pgf@nodesepend=\dimen196
) (/opt/homebrew/Cellar/texlive/20240312_2/share/texmf-dist/tex/latex/pgf/compatibility/pgfcomp-version-1-18.sty
Package: pgfcomp-version-1-18 2023-01-15 v3.1.10 (3.1.10)
)) (/opt/homebrew/Cellar/texlive/20240312_2/share/texmf-dist/tex/generic/pgf/frontendlayer/tikz/tikz.code.tex
Package: tikz 2023-01-15 v3.1.10 (3.1.10)
 (/opt/homebrew/Cellar/texlive/20240312_2/share/texmf-dist/tex/generic/pgf/libraries/pgflibraryplothandlers.code.tex
File: pgflibraryplothandlers.code.tex 2023-01-15 v3.1.10 (3.1.10)
\pgf@plot@mark@count=\count279
\pgfplotmarksize=\dimen197
)
\tikz@lastx=\dimen198
\tikz@lasty=\dimen199
\tikz@lastxsaved=\dimen256
\tikz@lastysaved=\dimen257
\tikz@lastmovetox=\dimen258
\tikz@lastmovetoy=\dimen259
\tikzleveldistance=\dimen260
\tikzsiblingdistance=\dimen261
\tikz@figbox=\box59
\tikz@figbox@bg=\box60
\tikz@tempbox=\box61
\tikz@tempbox@bg=\box62
\tikztreelevel=\count280
\tikznumberofchildren=\count281
\tikznumberofcurrentchild=\count282
\tikz@fig@count=\count283
 (/opt/homebrew/Cellar/texlive/20240312_2/share/texmf-dist/tex/generic/pgf/modules/pgfmodulematrix.code.tex
File: pgfmodulematrix.code.tex 2023-01-15 v3.1.10 (3.1.10)
\pgfmatrixcurrentrow=\count284
\pgfmatrixcurrentcolumn=\count285
\pgf@matrix@numberofcolumns=\count286
)
\tikz@expandcount=\count287
 (/opt/homebrew/Cellar/texlive/20240312_2/share/texmf-dist/tex/generic/pgf/frontendlayer/tikz/libraries/tikzlibrarytopaths.code.tex
File: tikzlibrarytopaths.code.tex 2023-01-15 v3.1.10 (3.1.10)
))) (/opt/homebrew/Cellar/texlive/20240312_2/share/texmf-dist/tex/latex/geometry/geometry.sty
Package: geometry 2020/01/02 v5.9 Page Geometry
 (/opt/homebrew/Cellar/texlive/20240312_2/share/texmf-dist/tex/generic/iftex/ifvtex.sty
Package: ifvtex 2019/10/25 v1.7 ifvtex legacy package. Use iftex instead.
 (/opt/homebrew/Cellar/texlive/20240312_2/share/texmf-dist/tex/generic/iftex/iftex.sty
Package: iftex 2022/02/03 v1.0f TeX engine tests
))
\Gm@cnth=\count288
\Gm@cntv=\count289
\c@Gm@tempcnt=\count290
\Gm@bindingoffset=\dimen262
\Gm@wd@mp=\dimen263
\Gm@odd@mp=\dimen264
\Gm@even@mp=\dimen265
\Gm@layoutwidth=\dimen266
\Gm@layoutheight=\dimen267
\Gm@layouthoffset=\dimen268
\Gm@layoutvoffset=\dimen269
\Gm@dimlist=\toks31
) (/opt/homebrew/Cellar/texlive/20240312_2/share/texmf-dist/tex/latex/hyperref/hyperref.sty
Package: hyperref 2024-01-20 v7.01h Hypertext links for LaTeX
 (/opt/homebrew/Cellar/texlive/20240312_2/share/texmf-dist/tex/latex/kvsetkeys/kvsetkeys.sty
Package: kvsetkeys 2022-10-05 v1.19 Key value parser (HO)
) (/opt/homebrew/Cellar/texlive/20240312_2/share/texmf-dist/tex/generic/kvdefinekeys/kvdefinekeys.sty
Package: kvdefinekeys 2019-12-19 v1.6 Define keys (HO)
) (/opt/homebrew/Cellar/texlive/20240312_2/share/texmf-dist/tex/generic/pdfescape/pdfescape.sty
Package: pdfescape 2019/12/09 v1.15 Implements pdfTeX's escape features (HO)
 (/opt/homebrew/Cellar/texlive/20240312_2/share/texmf-dist/tex/generic/ltxcmds/ltxcmds.sty
Package: ltxcmds 2023-12-04 v1.26 LaTeX kernel commands for general use (HO)
) (/opt/homebrew/Cellar/texlive/20240312_2/share/texmf-dist/tex/generic/pdftexcmds/pdftexcmds.sty
Package: pdftexcmds 2020-06-27 v0.33 Utility functions of pdfTeX for LuaTeX (HO)
 (/opt/homebrew/Cellar/texlive/20240312_2/share/texmf-dist/tex/generic/infwarerr/infwarerr.sty
Package: infwarerr 2019/12/03 v1.5 Providing info/warning/error messages (HO)
)
Package pdftexcmds Info: \pdf@primitive is available.
Package pdftexcmds Info: \pdf@ifprimitive is available.
Package pdftexcmds Info: \pdfdraftmode found.
)) (/opt/homebrew/Cellar/texlive/20240312_2/share/texmf-dist/tex/latex/hycolor/hycolor.sty
Package: hycolor 2020-01-27 v1.10 Color options for hyperref/bookmark (HO)
) (/opt/homebrew/Cellar/texlive/20240312_2/share/texmf-dist/tex/latex/auxhook/auxhook.sty
Package: auxhook 2019-12-17 v1.6 Hooks for auxiliary files (HO)
) (/opt/homebrew/Cellar/texlive/20240312_2/share/texmf-dist/tex/latex/hyperref/nameref.sty
Package: nameref 2023-11-26 v2.56 Cross-referencing by name of section
 (/opt/homebrew/Cellar/texlive/20240312_2/share/texmf-dist/tex/latex/refcount/refcount.sty
Package: refcount 2019/12/15 v3.6 Data extraction from label references (HO)
) (/opt/homebrew/Cellar/texlive/20240312_2/share/texmf-dist/tex/generic/gettitlestring/gettitlestring.sty
Package: gettitlestring 2019/12/15 v1.6 Cleanup title references (HO)
 (/opt/homebrew/Cellar/texlive/20240312_2/share/texmf-dist/tex/latex/kvoptions/kvoptions.sty
Package: kvoptions 2022-06-15 v3.15 Key value format for package options (HO)
))
\c@section@level=\count291
)
\@linkdim=\dimen270
\Hy@linkcounter=\count292
\Hy@pagecounter=\count293
 (/opt/homebrew/Cellar/texlive/20240312_2/share/texmf-dist/tex/latex/hyperref/pd1enc.def
File: pd1enc.def 2024-01-20 v7.01h Hyperref: PDFDocEncoding definition (HO)
Now handling font encoding PD1 ...
... no UTF-8 mapping file for font encoding PD1
) (/opt/homebrew/Cellar/texlive/20240312_2/share/texmf-dist/tex/generic/intcalc/intcalc.sty
Package: intcalc 2019/12/15 v1.3 Expandable calculations with integers (HO)
)
\Hy@SavedSpaceFactor=\count294
 (/opt/homebrew/Cellar/texlive/20240312_2/share/texmf-dist/tex/latex/hyperref/puenc.def
File: puenc.def 2024-01-20 v7.01h Hyperref: PDF Unicode definition (HO)
Now handling font encoding PU ...
... no UTF-8 mapping file for font encoding PU
)
Package hyperref Info: Hyper figures OFF on input line 4179.
Package hyperref Info: Link nesting OFF on input line 4184.
Package hyperref Info: Hyper index ON on input line 4187.
Package hyperref Info: Plain pages OFF on input line 4194.
Package hyperref Info: Backreferencing OFF on input line 4199.
Package hyperref Info: Implicit mode ON; LaTeX internals redefined.
Package hyperref Info: Bookmarks ON on input line 4446.
\c@Hy@tempcnt=\count295
 (/opt/homebrew/Cellar/texlive/20240312_2/share/texmf-dist/tex/latex/url/url.sty
\Urlmuskip=\muskip16
Package: url 2013/09/16  ver 3.4  Verb mode for urls, etc.
)
LaTeX Info: Redefining \url on input line 4784.
\XeTeXLinkMargin=\dimen271
 (/opt/homebrew/Cellar/texlive/20240312_2/share/texmf-dist/tex/generic/bitset/bitset.sty
Package: bitset 2019/12/09 v1.3 Handle bit-vector datatype (HO)
 (/opt/homebrew/Cellar/texlive/20240312_2/share/texmf-dist/tex/generic/bigintcalc/bigintcalc.sty
Package: bigintcalc 2019/12/15 v1.5 Expandable calculations on big integers (HO)
))
\Fld@menulength=\count296
\Field@Width=\dimen272
\Fld@charsize=\dimen273
Package hyperref Info: Hyper figures OFF on input line 6063.
Package hyperref Info: Link nesting OFF on input line 6068.
Package hyperref Info: Hyper index ON on input line 6071.
Package hyperref Info: backreferencing OFF on input line 6078.
Package hyperref Info: Link coloring OFF on input line 6083.
Package hyperref Info: Link coloring with OCG OFF on input line 6088.
Package hyperref Info: PDF/A mode OFF on input line 6093.
 (/opt/homebrew/Cellar/texlive/20240312_2/share/texmf-dist/tex/latex/base/atbegshi-ltx.sty
Package: atbegshi-ltx 2021/01/10 v1.0c Emulation of the original atbegshi
package with kernel methods
)
\Hy@abspage=\count297
\c@Item=\count298
\c@Hfootnote=\count299
)
Package hyperref Info: Driver (autodetected): hpdftex.
 (/opt/homebrew/Cellar/texlive/20240312_2/share/texmf-dist/tex/latex/hyperref/hpdftex.def
File: hpdftex.def 2024-01-20 v7.01h Hyperref driver for pdfTeX
 (/opt/homebrew/Cellar/texlive/20240312_2/share/texmf-dist/tex/latex/base/atveryend-ltx.sty
Package: atveryend-ltx 2020/08/19 v1.0a Emulation of the original atveryend package
with kernel methods
)
\Fld@listcount=\count300
\c@bookmark@seq@number=\count301
 (/opt/homebrew/Cellar/texlive/20240312_2/share/texmf-dist/tex/latex/rerunfilecheck/rerunfilecheck.sty
Package: rerunfilecheck 2022-07-10 v1.10 Rerun checks for auxiliary files (HO)
 (/opt/homebrew/Cellar/texlive/20240312_2/share/texmf-dist/tex/generic/uniquecounter/uniquecounter.sty
Package: uniquecounter 2019/12/15 v1.4 Provide unlimited unique counter (HO)
)
Package uniquecounter Info: New unique counter `rerunfilecheck' on input line 285.
)
\Hy@SectionHShift=\skip52
) (/opt/homebrew/Cellar/texlive/20240312_2/share/texmf-dist/tex/latex/fontawesome/fontawesome.sty
Package: fontawesome 2016/05/15 v4.6.3.1 font awesome icons

(/opt/homebrew/Cellar/texlive/20240312_2/share/texmf-dist/tex/generic/iftex/ifxetex.sty
Package: ifxetex 2019/10/25 v0.7 ifxetex legacy package. Use iftex instead.
) (/opt/homebrew/Cellar/texlive/20240312_2/share/texmf-dist/tex/generic/iftex/ifluatex.sty
Package: ifluatex 2019/10/25 v1.5 ifluatex legacy package. Use iftex instead.
) (/opt/homebrew/Cellar/texlive/20240312_2/share/texmf-dist/tex/latex/fontawesome/fontawesomesymbols-generic.tex) (/opt/homebrew/Cellar/texlive/20240312_2/share/texmf-dist/tex/latex/fontawesome/fontawesomesymbols-pdftex.tex)) (/opt/homebrew/Cellar/texlive/20240312_2/share/texmf-dist/tex/latex/mfirstuc/mfirstuc.sty
Package: mfirstuc 2022/10/14 v2.08 (NLCT)
\@glsmfirst=\toks32
\@glsmrest=\toks33
) (/opt/homebrew/Cellar/texlive/20240312_2/share/texmf-dist/tex/latex/base/ifthen.sty
Package: ifthen 2022/04/13 v1.1d Standard LaTeX ifthen package (DPC)
) (/opt/homebrew/Cellar/texlive/20240312_2/share/texmf-dist/tex/latex/lipsum/lipsum.sty (/opt/homebrew/Cellar/texlive/20240312_2/share/texmf-dist/tex/latex/l3packages/l3keys2e/l3keys2e.sty (/opt/homebrew/Cellar/texlive/20240312_2/share/texmf-dist/tex/latex/l3kernel/expl3.sty
Package: expl3 2024-02-20 L3 programming layer (loader) 
 (/opt/homebrew/Cellar/texlive/20240312_2/share/texmf-dist/tex/latex/l3backend/l3backend-pdftex.def
File: l3backend-pdftex.def 2024-02-20 L3 backend support: PDF output (pdfTeX)
\l__color_backend_stack_int=\count302
\l__pdf_internal_box=\box63
))
Package: l3keys2e 2024-02-18 LaTeX2e option processing using LaTeX3 keys
)
Package: lipsum 2021-09-20 v2.7 150 paragraphs of Lorem Ipsum dummy text
\g__lipsum_par_int=\count303
\l__lipsum_a_int=\count304
\l__lipsum_b_int=\count305
 (/opt/homebrew/Cellar/texlive/20240312_2/share/texmf-dist/tex/latex/lipsum/lipsum.ltd.tex)) (/opt/homebrew/Cellar/texlive/20240312_2/share/texmf-dist/tex/latex/tools/array.sty
Package: array 2023/10/16 v2.5g Tabular extension package (FMi)
\col@sep=\dimen274
\ar@mcellbox=\box64
\extrarowheight=\dimen275
\NC@list=\toks34
\extratabsurround=\skip53
\backup@length=\skip54
\ar@cellbox=\box65
) (/opt/homebrew/Cellar/texlive/20240312_2/share/texmf-dist/tex/latex/booktabs/booktabs.sty
Package: booktabs 2020/01/12 v1.61803398 Publication quality tables
\heavyrulewidth=\dimen276
\lightrulewidth=\dimen277
\cmidrulewidth=\dimen278
\belowrulesep=\dimen279
\belowbottomsep=\dimen280
\aboverulesep=\dimen281
\abovetopsep=\dimen282
\cmidrulesep=\dimen283
\cmidrulekern=\dimen284
\defaultaddspace=\dimen285
\@cmidla=\count306
\@cmidlb=\count307
\@aboverulesep=\dimen286
\@belowrulesep=\dimen287
\@thisruleclass=\count308
\@lastruleclass=\count309
\@thisrulewidth=\dimen288
) (/opt/homebrew/Cellar/texlive/20240312_2/share/texmf-dist/tex/latex/comment/comment.sty
\CommentStream=\write4
 Excluding comment 'comment')
Package hyperref Info: Option `colorlinks' set `true' on input line 37.
)
LaTeX Font Info:    Trying to load font information for OT1+lmr on input line 12.
 (/opt/homebrew/Cellar/texlive/20240312_2/share/texmf-dist/tex/latex/lm/ot1lmr.fd
File: ot1lmr.fd 2015/05/01 v1.6.1 Font defs for Latin Modern
) (./jon-sundin-cv.aux)
\openout1 = `jon-sundin-cv.aux'.

LaTeX Font Info:    Checking defaults for OML/cmm/m/it on input line 12.
LaTeX Font Info:    ... okay on input line 12.
LaTeX Font Info:    Checking defaults for OMS/cmsy/m/n on input line 12.
LaTeX Font Info:    ... okay on input line 12.
LaTeX Font Info:    Checking defaults for OT1/cmr/m/n on input line 12.
LaTeX Font Info:    ... okay on input line 12.
LaTeX Font Info:    Checking defaults for T1/cmr/m/n on input line 12.
LaTeX Font Info:    ... okay on input line 12.
LaTeX Font Info:    Checking defaults for TS1/cmr/m/n on input line 12.
LaTeX Font Info:    ... okay on input line 12.
LaTeX Font Info:    Checking defaults for OMX/cmex/m/n on input line 12.
LaTeX Font Info:    ... okay on input line 12.
LaTeX Font Info:    Checking defaults for U/cmr/m/n on input line 12.
LaTeX Font Info:    ... okay on input line 12.
LaTeX Font Info:    Checking defaults for PD1/pdf/m/n on input line 12.
LaTeX Font Info:    ... okay on input line 12.
LaTeX Font Info:    Checking defaults for PU/pdf/m/n on input line 12.
LaTeX Font Info:    ... okay on input line 12.
 (/opt/homebrew/Cellar/texlive/20240312_2/share/texmf-dist/tex/context/base/mkii/supp-pdf.mkii
[Loading MPS to PDF converter (version 2006.09.02).]
\scratchcounter=\count310
\scratchdimen=\dimen289
\scratchbox=\box66
\nofMPsegments=\count311
\nofMParguments=\count312
\everyMPshowfont=\toks35
\MPscratchCnt=\count313
\MPscratchDim=\dimen290
\MPnumerator=\count314
\makeMPintoPDFobject=\count315
\everyMPtoPDFconversion=\toks36
) (/opt/homebrew/Cellar/texlive/20240312_2/share/texmf-dist/tex/latex/epstopdf-pkg/epstopdf-base.sty
Package: epstopdf-base 2020-01-24 v2.11 Base part for package epstopdf
Package epstopdf-base Info: Redefining graphics rule for `.eps' on input line 485.
 (/opt/homebrew/Cellar/texlive/20240312_2/share/texmf-dist/tex/latex/latexconfig/epstopdf-sys.cfg
File: epstopdf-sys.cfg 2010/07/13 v1.3 Configuration of (r)epstopdf for TeX Live
))
*geometry* driver: auto-detecting
*geometry* detected driver: pdftex
*geometry* verbose mode - [ preamble ] result:
* driver: pdftex
* paper: <default>
* layout: <same size as paper>
* layoutoffset:(h,v)=(0.0pt,0.0pt)
* modes: 
* h-part:(L,W,R)=(36.135pt, 542.02501pt, 36.135pt)
* v-part:(T,H,B)=(3.61371pt, 791.35628pt, 0.0pt)
* \paperwidth=614.295pt
* \paperheight=794.96999pt
* \textwidth=542.02501pt
* \textheight=791.35628pt
* \oddsidemargin=-36.135pt
* \evensidemargin=-36.135pt
* \topmargin=-105.65628pt
* \headheight=12.0pt
* \headsep=25.0pt
* \topskip=11.0pt
* \footskip=30.0pt
* \marginparwidth=59.0pt
* \marginparsep=10.0pt
* \columnsep=10.0pt
* \skip\footins=10.0pt plus 4.0pt minus 2.0pt
* \hoffset=0.0pt
* \voffset=0.0pt
* \mag=1000
* \@twocolumnfalse
* \@twosidefalse
* \@mparswitchfalse
* \@reversemarginfalse
* (1in=72.27pt=25.4mm, 1cm=28.453pt)

Package hyperref Info: Link coloring ON on input line 12.
(./jon-sundin-cv.out) (./jon-sundin-cv.out)
\@outlinefile=\write5
\openout5 = `jon-sundin-cv.out'.

LaTeX Font Info:    Trying to load font information for OMS+lmr on input line 14.
 (/opt/homebrew/Cellar/texlive/20240312_2/share/texmf-dist/tex/latex/lm/omslmr.fd
File: omslmr.fd 2015/05/01 v1.6.1 Font defs for Latin Modern
)
LaTeX Font Info:    Trying to load font information for OMS+lmsy on input line 14.
 (/opt/homebrew/Cellar/texlive/20240312_2/share/texmf-dist/tex/latex/lm/omslmsy.fd
File: omslmsy.fd 2015/05/01 v1.6.1 Font defs for Latin Modern
)
LaTeX Font Info:    Font shape `OMS/lmr/m/n' in size <10> not available
(Font)              Font shape `OMS/lmsy/m/n' tried instead on input line 14.
LaTeX Font Info:    Trying to load font information for OML+lmm on input line 14.
 (/opt/homebrew/Cellar/texlive/20240312_2/share/texmf-dist/tex/latex/lm/omllmm.fd
File: omllmm.fd 2015/05/01 v1.6.1 Font defs for Latin Modern
)
LaTeX Font Info:    Trying to load font information for OMX+lmex on input line 14.
 (/opt/homebrew/Cellar/texlive/20240312_2/share/texmf-dist/tex/latex/lm/omxlmex.fd
File: omxlmex.fd 2015/05/01 v1.6.1 Font defs for Latin Modern
)
LaTeX Font Info:    External font `lmex10' loaded for size
(Font)              <10.95> on input line 14.
LaTeX Font Info:    External font `lmex10' loaded for size
(Font)              <8> on input line 14.
LaTeX Font Info:    External font `lmex10' loaded for size
(Font)              <6> on input line 14.


LaTeX Font Warning: Font shape `OT1/lmr/bx/sc' undefined
(Font)              using `OT1/lmr/bx/n' instead on input line 17.

LaTeX Font Info:    Trying to load font information for TS1+lmr on input line 31.
(/opt/homebrew/Cellar/texlive/20240312_2/share/texmf-dist/tex/latex/lm/ts1lmr.fd
File: ts1lmr.fd 2015/05/01 v1.6.1 Font defs for Latin Modern
)
Underfull \hbox (badness 10000) in paragraph at lines 125--133

 []

[1

{/opt/homebrew/Cellar/texlive/20240312_2/share/texmf-dist/fonts/map/pdftex/updmap/pdftex.map}{/opt/homebrew/Cellar/texlive/20240312_2/share/texmf-dist/fonts/enc/dvips/lm/lm-rm.enc}{/opt/homebrew/Cellar/texlive/20240312_2/share/texmf-dist/fonts/enc/dvips/lm/lm-mathsy.enc}{/opt/homebrew/Cellar/texlive/20240312_2/share/texmf-dist/fonts/enc/dvips/lm/lm-ts1.enc}] (./jon-sundin-cv.aux)
 ***********
LaTeX2e <2023-11-01> patch level 1
L3 programming layer <2024-02-20>
 ***********


LaTeX Font Warning: Some font shapes were not available, defaults substituted.

Package rerunfilecheck Info: File `jon-sundin-cv.out' has not changed.
(rerunfilecheck)             Checksum: F3559DC710D8115700D3802B3DF149EE;357.
 ) 
Here is how much of TeX's memory you used:
 22172 strings out of 474116
 417867 string characters out of 5732613
 1950187 words of memory out of 5000000
 44154 multiletter control sequences out of 15000+600000
 601884 words of font info for 59 fonts, out of 8000000 for 9000
 1141 hyphenation exceptions out of 8191
 117i,5n,121p,511b,436s stack positions out of 10000i,1000n,20000p,200000b,200000s
</opt/homebrew/Cellar/texlive/20240312_2/share/texmf-dist/fonts/type1/public/lm/lmbx10.pfb></opt/homebrew/Cellar/texlive/20240312_2/share/texmf-dist/fonts/type1/public/lm/lmbx12.pfb></opt/homebrew/Cellar/texlive/20240312_2/share/texmf-dist/fonts/type1/public/lm/lmbx9.pfb></opt/homebrew/Cellar/texlive/20240312_2/share/texmf-dist/fonts/type1/public/lm/lmr10.pfb></opt/homebrew/Cellar/texlive/20240312_2/share/texmf-dist/fonts/type1/public/lm/lmr17.pfb></opt/homebrew/Cellar/texlive/20240312_2/share/texmf-dist/fonts/type1/public/lm/lmr9.pfb></opt/homebrew/Cellar/texlive/20240312_2/share/texmf-dist/fonts/type1/public/lm/lmri9.pfb></opt/homebrew/Cellar/texlive/20240312_2/share/texmf-dist/fonts/type1/public/lm/lmsy10.pfb>
Output written on jon-sundin-cv.pdf (1 page, 197583 bytes).
PDF statistics:
 82 PDF objects out of 1000 (max. 8388607)
 61 compressed objects within 1 object stream
 6 named destinations out of 1000 (max. 500000)
 45 words of extra memory for PDF output out of 10000 (max. 10000000)

